>start -n node-1
>wait -t 2
>start -n node-2
>wait -t 2
>start -n node-3
>wait -t 2
>start -n node-4
>wait -t 2
>start -n node-5
>wait -t 2

>wait -t 5

>create_partition -n part -p node-1,node-3,node-4
>wait -t 2

>set -n node-5 -k a -v 12
>wait -t 2

>set -n node-1 -k a -v 0
>wait -t 2
ERROR: SET id=2 failed (a=0): You have contacted a follower. Please resend your request to node-3.
>set -n node-3 -k a -v 0
>wait -t 2
SET id=3 OK: a = 0
>set -n node-4 -k a -v 0
>wait -t 2
ERROR: SET id=4 failed (a=0): You have contacted a follower. Please resend your request to node-3.

>get -n node-1 -k a
>wait -t 2
ERROR: GET id=5 failed (k=a): You have contacted a follower. Please resend your request to node-3.
>get -n node-2 -k a
>wait -t 2
ERROR: GET id=6 failed (k=a): You have contacted a follower. Please resend your request to node-5.
>get -n node-3 -k a
>wait -t 2
GET id=7 OK: a = 0
>get -n node-4 -k a
>wait -t 2
ERROR: GET id=8 failed (k=a): You have contacted a follower. Please resend your request to node-3.
>get -n node-5 -k a
>wait -t 2

>remove_partition -n part
>wait -t 2

>get -n node-1 -k a
>wait -t 2
ERROR: GET id=10 failed (k=a): You have contacted a follower. Please resend your request to node-3.
>get -n node-2 -k a
>wait -t 2
ERROR: GET id=11 failed (k=a): You have contacted a follower. Please resend your request to node-3.
>get -n node-3 -k a
>wait -t 2
GET id=12 OK: a = 0
>get -n node-4 -k a
>wait -t 2
ERROR: GET id=13 failed (k=a): You have contacted a follower. Please resend your request to node-3.
>get -n node-5 -k a
>wait -t 2
ERROR: GET id=14 failed (k=a): You have contacted a follower. Please resend your request to node-3.
